Performing C SOURCE FILE Test CMAKE_HAVE_LIBC_PTHREAD failed with the following output:
Change Dir: /home/lgh/Documents/helloworld/build/CMakeFiles/CMakeTmp

Run Build Command(s):/usr/bin/make cmTC_362fd/fast && /usr/bin/make -f CMakeFiles/cmTC_362fd.dir/build.make CMakeFiles/cmTC_362fd.dir/build
make[1]: 进入目录“/home/lgh/Documents/helloworld/build/CMakeFiles/CMakeTmp”
Building C object CMakeFiles/cmTC_362fd.dir/src.c.o
/usr/bin/clang-11   -DCMAKE_HAVE_LIBC_PTHREAD   -o CMakeFiles/cmTC_362fd.dir/src.c.o   -c /home/lgh/Documents/helloworld/build/CMakeFiles/CMakeTmp/src.c
Linking C executable cmTC_362fd
/usr/bin/cmake -E cmake_link_script CMakeFiles/cmTC_362fd.dir/link.txt --verbose=1
/usr/bin/clang-11  -DCMAKE_HAVE_LIBC_PTHREAD    CMakeFiles/cmTC_362fd.dir/src.c.o  -o cmTC_362fd 
/usr/bin/ld: CMakeFiles/cmTC_362fd.dir/src.c.o: in function `main':
src.c:(.text+0x35): undefined reference to `pthread_create'
/usr/bin/ld: src.c:(.text+0x41): undefined reference to `pthread_detach'
/usr/bin/ld: src.c:(.text+0x53): undefined reference to `pthread_join'
clang: error: linker command failed with exit code 1 (use -v to see invocation)
make[1]: *** [CMakeFiles/cmTC_362fd.dir/build.make:87：cmTC_362fd] 错误 1
make[1]: 离开目录“/home/lgh/Documents/helloworld/build/CMakeFiles/CMakeTmp”
make: *** [Makefile:121：cmTC_362fd/fast] 错误 2


Source file was:
#include <pthread.h>

void* test_func(void* data)
{
  return data;
}

int main(void)
{
  pthread_t thread;
  pthread_create(&thread, NULL, test_func, NULL);
  pthread_detach(thread);
  pthread_join(thread, NULL);
  pthread_atfork(NULL, NULL, NULL);
  pthread_exit(NULL);

  return 0;
}

Determining if the function pthread_create exists in the pthreads failed with the following output:
Change Dir: /home/lgh/Documents/helloworld/build/CMakeFiles/CMakeTmp

Run Build Command(s):/usr/bin/make cmTC_eb2bd/fast && /usr/bin/make -f CMakeFiles/cmTC_eb2bd.dir/build.make CMakeFiles/cmTC_eb2bd.dir/build
make[1]: 进入目录“/home/lgh/Documents/helloworld/build/CMakeFiles/CMakeTmp”
Building C object CMakeFiles/cmTC_eb2bd.dir/CheckFunctionExists.c.o
/usr/bin/clang-11   -DCHECK_FUNCTION_EXISTS=pthread_create   -o CMakeFiles/cmTC_eb2bd.dir/CheckFunctionExists.c.o   -c /usr/share/cmake-3.16/Modules/CheckFunctionExists.c
Linking C executable cmTC_eb2bd
/usr/bin/cmake -E cmake_link_script CMakeFiles/cmTC_eb2bd.dir/link.txt --verbose=1
/usr/bin/clang-11  -DCHECK_FUNCTION_EXISTS=pthread_create    CMakeFiles/cmTC_eb2bd.dir/CheckFunctionExists.c.o  -o cmTC_eb2bd  -lpthreads 
/usr/bin/ld: 找不到 -lpthreads
clang: error: linker command failed with exit code 1 (use -v to see invocation)
make[1]: *** [CMakeFiles/cmTC_eb2bd.dir/build.make:87：cmTC_eb2bd] 错误 1
make[1]: 离开目录“/home/lgh/Documents/helloworld/build/CMakeFiles/CMakeTmp”
make: *** [Makefile:121：cmTC_eb2bd/fast] 错误 2



